<?xml version="1.0" encoding="UTF-8"?>
<testng-results ignored="0" total="1" passed="1" failed="0" skipped="0">
  <reporter-output>
  </reporter-output>
  <suite started-at="2023-02-19T05:17:50Z" name="Suite" finished-at="2023-02-19T05:17:53Z" duration-ms="2697">
    <groups>
    </groups>
    <test started-at="2023-02-19T05:17:50Z" name="Test" finished-at="2023-02-19T05:17:53Z" duration-ms="2697">
      <class name="com.employeeDB.Phase3_Project.EndToEndTest">
        <test-method signature="GetEmpTest1()[pri:0, instance:com.employeeDB.Phase3_Project.EndToEndTest@496bc455]" started-at="2023-02-19T05:17:50Z" name="GetEmpTest1" finished-at="2023-02-19T05:17:53Z" duration-ms="2680" status="PASS">
          <reporter-output>
          </reporter-output>
        </test-method> <!-- GetEmpTest1 -->
      </class> <!-- com.employeeDB.Phase3_Project.EndToEndTest -->
    </test> <!-- Test -->
  </suite> <!-- Suite -->
</testng-results>
