<?xml version="1.0" encoding="UTF-8"?>
<testsuite xmlns:xsi="http://www.w3.org/2001/XMLSchema-instance" xsi:noNamespaceSchemaLocation="https://maven.apache.org/surefire/maven-surefire-plugin/xsd/surefire-test-report-3.0.xsd" version="3.0" name="TestSuite" time="5.441" tests="1" errors="0" skipped="0" failures="0">
  <properties>
[...]
</properties>
  <testcase name="GetEmpTest1" classname="com.employeeDB.Phase3_Project.EndToEndTest" time="2.737">
    <system-out><![CDATA[[TestNGContentHandler] [WARN] It is strongly recommended to add "<!DOCTYPE suite SYSTEM "http://testng.org/testng-1.0.dtd" >" at the top of your file, otherwise TestNG may fail or not work as expected.
All Employees are [
  {
    "id": 1,
    "name": "Pankaj",
    "salary": "10000"
  },
  {
    "name": "Hims",
    "salary": "100000",
    "id": 2
  },
  {
    "name": "Rohan",
    "salary": "10000",
    "id": 3
  },
  {
    "name": "Rob",
    "salary": "15000",
    "id": 4
  },
  {
    "name": "Renu",
    "salary": "65000",
    "id": 5
  },
  {
    "name": "Krishaan",
    "salary": "75000",
    "id": 6
  },
  {
    "name": "Satya",
    "salary": "50000",
    "id": 7
  },
  {
    "name": "Clark Kent",
    "salary": "50000",
    "id": 8
  }
]
The Following employee is created {
  "name": "John",
  "salary": "8000",
  "id": 9
}
New Employee is created with id 9
Details from Get Single Employee is {
  "name": "John",
  "salary": "8000",
  "id": 9
}
Following Employee has been updated {
  "name": "Smith",
  "salary": "8000",
  "id": 9
}
Details from Get Single Employee is {
  "name": "Smith",
  "salary": "8000",
  "id": 9
}
Employee deleted from id: 9{}
Details from Get Single Employee is {}
All Employees are [
  {
    "id": 1,
    "name": "Pankaj",
    "salary": "10000"
  },
  {
    "name": "Hims",
    "salary": "100000",
    "id": 2
  },
  {
    "name": "Rohan",
    "salary": "10000",
    "id": 3
  },
  {
    "name": "Rob",
    "salary": "15000",
    "id": 4
  },
  {
    "name": "Renu",
    "salary": "65000",
    "id": 5
  },
  {
    "name": "Krishaan",
    "salary": "75000",
    "id": 6
  },
  {
    "name": "Satya",
    "salary": "50000",
    "id": 7
  },
  {
    "name": "Clark Kent",
    "salary": "50000",
    "id": 8
  }
]
]]></system-out>
  </testcase>
</testsuite>