<?xml version="1.0" encoding="UTF-8"?>
<testng-results ignored="0" total="1" passed="1" failed="0" skipped="0">
  <reporter-output>
  </reporter-output>
  <suite started-at="2023-02-19T04:38:32Z" name="Default suite" finished-at="2023-02-19T04:38:37Z" duration-ms="4778">
    <groups>
    </groups>
    <test started-at="2023-02-19T04:38:32Z" name="Default test" finished-at="2023-02-19T04:38:37Z" duration-ms="4778">
      <class name="com.employeeDB.Phase3_Project.EndToEndTest">
        <test-method signature="GetEmpTest1()[pri:0, instance:com.employeeDB.Phase3_Project.EndToEndTest@58ce9668]" started-at="2023-02-19T04:38:32Z" name="GetEmpTest1" finished-at="2023-02-19T04:38:37Z" duration-ms="4751" status="PASS">
          <reporter-output>
          </reporter-output>
        </test-method> <!-- GetEmpTest1 -->
      </class> <!-- com.employeeDB.Phase3_Project.EndToEndTest -->
    </test> <!-- Default test -->
  </suite> <!-- Default suite -->
</testng-results>
